{
  "RSpec": {
    "coverage": {
      "/home/karan/Desktop/rails/xpress/app/models/blogger.rb": [
        1,
        null,
        null,
        null,
        1,
        null,
        null,
        1,
        1,
        1,
        null,
        1,
        null,
        null
      ],
      "/home/karan/Desktop/rails/xpress/app/controllers/application_controller.rb": [
        1,
        1,
        null
      ],
      "/home/karan/Desktop/rails/xpress/app/helpers/application_helper.rb": [
        1,
        null
      ],
      "/home/karan/Desktop/rails/xpress/app/helpers/blogs_helper.rb": [
        1,
        null
      ],
      "/home/karan/Desktop/rails/xpress/app/helpers/comments_helper.rb": [
        1,
        null
      ],
      "/home/karan/Desktop/rails/xpress/app/helpers/discussions_helper.rb": [
        1,
        null
      ],
      "/home/karan/Desktop/rails/xpress/app/helpers/registration_helper.rb": [
        1,
        null
      ],
      "/home/karan/Desktop/rails/xpress/app/helpers/response_helper.rb": [
        1,
        null
      ],
      "/home/karan/Desktop/rails/xpress/app/helpers/welcome_helper.rb": [
        1,
        null
      ],
      "/home/karan/Desktop/rails/xpress/app/controllers/blogs_controller.rb": [
        1,
        null,
        1,
        null,
        1,
        0,
        0,
        0,
        null,
        null,
        0,
        0,
        0,
        0,
        null,
        0,
        null,
        null,
        null,
        1,
        0,
        null,
        null,
        1,
        0,
        0,
        0,
        0,
        0,
        0,
        null,
        0,
        null,
        null,
        null,
        1,
        0,
        0,
        null,
        null,
        1,
        0,
        null,
        null,
        1,
        0,
        0,
        0,
        null,
        0,
        null,
        null,
        null,
        1,
        0,
        0,
        0,
        null,
        0,
        null,
        null,
        null
      ],
      "/home/karan/Desktop/rails/xpress/app/models/blog.rb": [
        1,
        1,
        1,
        1,
        null,
        1,
        1,
        1,
        1,
        1,
        0,
        null,
        1,
        0,
        null,
        null,
        null
      ],
      "/home/karan/Desktop/rails/xpress/app/controllers/comments_controller.rb": [
        1,
        1,
        null,
        null,
        1,
        0,
        0,
        null,
        null,
        1,
        0,
        0,
        0,
        0,
        0,
        null,
        0,
        null,
        null,
        null,
        1,
        null,
        null,
        1,
        null,
        null,
        1,
        null,
        null,
        1,
        0,
        0,
        0,
        0,
        null,
        0,
        null,
        null,
        null
      ],
      "/home/karan/Desktop/rails/xpress/app/models/comment.rb": [
        1,
        1,
        1,
        1,
        null
      ],
      "/home/karan/Desktop/rails/xpress/app/controllers/discussions_controller.rb": [
        1,
        1,
        1,
        0,
        null,
        null,
        1,
        null,
        0,
        0,
        0,
        0,
        0,
        null,
        0,
        null,
        null,
        null,
        1,
        0,
        0,
        null,
        null,
        1,
        0,
        0,
        null,
        0,
        null,
        null,
        null,
        1,
        0,
        null,
        null,
        1,
        0,
        0,
        0,
        null,
        0,
        null,
        null,
        null,
        1,
        0,
        0,
        0,
        null,
        0,
        null,
        null,
        null
      ],
      "/home/karan/Desktop/rails/xpress/app/models/discussion.rb": [
        1,
        1,
        1,
        1,
        null
      ],
      "/home/karan/Desktop/rails/xpress/app/controllers/registration_controller.rb": [
        1,
        1,
        1,
        0,
        0,
        0,
        null,
        0,
        null,
        null,
        null,
        1,
        0,
        0,
        0,
        0,
        null,
        null,
        null,
        1,
        0,
        0,
        0,
        0,
        0,
        0,
        0,
        0,
        0,
        0,
        0,
        0,
        0,
        0,
        0,
        0,
        0,
        null,
        0,
        null,
        null,
        null,
        0,
        null,
        0,
        null,
        null,
        1,
        0,
        0,
        0,
        0,
        0,
        0,
        0,
        0,
        0,
        null,
        0,
        null,
        null,
        null,
        1,
        null,
        0,
        null,
        null,
        null,
        1,
        0,
        null,
        null,
        1,
        0,
        0,
        0,
        0,
        null,
        null,
        1,
        0,
        0,
        0,
        0,
        0,
        null,
        null,
        0,
        null,
        0,
        null,
        null,
        0,
        0,
        0,
        null,
        0,
        null,
        null,
        0,
        null,
        0,
        0,
        0,
        0,
        null,
        0,
        null,
        null,
        0,
        null,
        null,
        null,
        0,
        null,
        null,
        null,
        null,
        null
      ],
      "/home/karan/Desktop/rails/xpress/app/controllers/responses_controller.rb": [
        1,
        1,
        null,
        null,
        1,
        0,
        0,
        null,
        null,
        1,
        0,
        0,
        0,
        0,
        null,
        0,
        null,
        null,
        null,
        1,
        null,
        null,
        1,
        null,
        null,
        1,
        null,
        null,
        1,
        0,
        0,
        0,
        0,
        null,
        0,
        null,
        null,
        null
      ],
      "/home/karan/Desktop/rails/xpress/app/models/response.rb": [
        1,
        1,
        1,
        null
      ],
      "/home/karan/Desktop/rails/xpress/app/controllers/welcome_controller.rb": [
        1,
        1,
        null,
        null
      ],
      "/home/karan/Desktop/rails/xpress/app/models/detail.rb": [
        1,
        1,
        1,
        null
      ]
    },
    "timestamp": 1407321816
  }
}
